<?xml version="1.0" encoding="UTF-8"?>
<!-- Generated by org.testng.reporters.JUnitXMLReporter -->
<testsuite ignored="3" hostname="DESKTOP-QJQNBBO" failures="0" tests="3" name="Test" time="0.388" errors="0" timestamp="2023-10-20T11:01:20 IST">
  <testcase classname="TestNG_Group.sample1" name="demo1" time="0.038"/>
  <testcase classname="TestNG_Group.sample2" name="demo4" time="0.052"/>
  <testcase classname="TestNG_Group.sample3" name="demo5" time="0.018"/>
  <testcase classname="TestNG_Group.sample1" name="demo2" time="0.0">
    <ignored/>
  </testcase> <!-- demo2 -->
  <testcase classname="TestNG_Group.sample3" name="demo6" time="0.0">
    <ignored/>
  </testcase> <!-- demo6 -->
  <testcase classname="TestNG_Group.sample2" name="demo3" time="0.0">
    <ignored/>
  </testcase> <!-- demo3 -->
</testsuite> <!-- Test -->
